<?xml version="1.0" encoding="UTF-8" standalone="yes"?>
<testsuites name="IP-033 ( Report Product )" time="18" tests="1" failures="0" errors="0">
    <testsuite name="IP-033 ( Report Product )" tests="1" failures="0" errors="0" time="18" timestamp="2019-09-02 14:53:58" hostname="refqi - 10.250.250.58" id="Test Suites/IP-033 ( Report Product )">
        <properties>
            <property name="deviceName" value=""/>
            <property name="devicePlatform" value=""/>
            <property name="logFolder" value="/Users/refqi/Katalon Studio/ipropio otomasi/Reports/20190902_145355/IP-033 ( Report Product )/20190902_145355"/>
            <property name="logFiles" value="/Users/refqi/Katalon Studio/ipropio otomasi/Reports/20190902_145355/IP-033 ( Report Product )/20190902_145355/execution0.log"/>
            <property name="attachments" value="/Users/refqi/Documents/webippro/4.png, /Users/refqi/Documents/webippro/5.png"/>
            <property name="hostName" value="refqi - 10.250.250.58"/>
            <property name="os" value="Mac OS X 64bit"/>
            <property name="katalonVersion" value="6.3.3.11"/>
            <property name="browser" value="Chrome 76.0.3809.100"/>
            <property name="hostAddress" value="10.250.250.58"/>
            <property name="sessionId" value="aa815dbaffe491b64117b696c4e42769"/>
            <property name="seleniumVersion" value="3.141.59"/>
            <property name="proxyInformation" value="ProxyInformation{proxyOption=NO_PROXY, proxyServerType=HTTP, password=, proxyServerAddress=, proxyServerPort=0}"/>
            <property name="platform" value="Mac OS X"/>
        </properties>
        <testcase name="Test Cases/IP-001 (Login hit berkali kali)" classname="Test Cases/IP-001 (Login hit berkali kali)" status="PASSED">
            <system-out>2019-09-02 14:53:58 - [TEST_CASE][PASSED] - Test Cases/IP-001 (Login hit berkali kali): Test Cases/IP-001 (Login hit berkali kali)

2019-09-02 14:53:59 - [TEST_STEP][PASSED] - openBrowser("http://kamisa.web.iprop-dev.com/login"): Browser is opened with url: 'http://kamisa.web.iprop-dev.com/login'

2019-09-02 14:53:59 - [MESSAGE][INFO] - Starting 'Chrome' driver

2019-09-02 14:53:59 - [MESSAGE][INFO] - Action delay is set to 0 seconds

2019-09-02 14:54:03 - [MESSAGE][PASSED] - Browser is opened with url: 'http://kamisa.web.iprop-dev.com/login'

2019-09-02 14:54:03 - [TEST_STEP][PASSED] - delay(3): Delayed 3 second(s)

2019-09-02 14:54:06 - [MESSAGE][PASSED] - Delayed 3 second(s)

2019-09-02 14:54:06 - [TEST_STEP][PASSED] - setText(findTestObject("Page_iPropio - Login/input_Email_email"), "didinonpqcms@gmail.com"): Text 'didinonpqcms@gmail.com' is set on object 'Object Repository/Page_iPropio - Login/input_Email_email'

2019-09-02 14:54:07 - [MESSAGE][PASSED] - Text 'didinonpqcms@gmail.com' is set on object 'Object Repository/Page_iPropio - Login/input_Email_email'

2019-09-02 14:54:07 - [TEST_STEP][PASSED] - delay(5): Delayed 5 second(s)

2019-09-02 14:54:12 - [MESSAGE][PASSED] - Delayed 5 second(s)

2019-09-02 14:54:12 - [TEST_STEP][PASSED] - takeScreenshot("/Users/refqi/Documents/webippro/4.png"): Taking screenshot successfully

2019-09-02 14:54:12 - [MESSAGE][PASSED] - Taking screenshot successfully
[[ATTACHMENT|/Users/refqi/Documents/webippro/4.png]]

2019-09-02 14:54:12 - [TEST_STEP][PASSED] - setText(findTestObject("Page_iPropio - Login/input_Password_password"), "testing12345"): Text 'testing12345' is set on object 'Object Repository/Page_iPropio - Login/input_Password_password'

2019-09-02 14:54:13 - [MESSAGE][PASSED] - Text 'testing12345' is set on object 'Object Repository/Page_iPropio - Login/input_Password_password'

2019-09-02 14:54:13 - [TEST_STEP][PASSED] - delay(3): Delayed 3 second(s)

2019-09-02 14:54:16 - [MESSAGE][PASSED] - Delayed 3 second(s)

2019-09-02 14:54:16 - [TEST_STEP][PASSED] - takeScreenshot("/Users/refqi/Documents/webippro/5.png"): Taking screenshot successfully

2019-09-02 14:54:16 - [MESSAGE][PASSED] - Taking screenshot successfully
[[ATTACHMENT|/Users/refqi/Documents/webippro/5.png]]

2019-09-02 14:54:16 - [TEST_STEP][PASSED] - click(findTestObject("Page_iPropio - Login/button_Login Now")): Object: 'Object Repository/Page_iPropio - Login/button_Login Now' is clicked on

2019-09-02 14:54:16 - [MESSAGE][PASSED] - Object: 'Object Repository/Page_iPropio - Login/button_Login Now' is clicked on</system-out>
            <system-err></system-err>
        </testcase>
        <system-out>2019-09-02 14:53:58 - [TEST_SUITE][INCOMPLETE] - IP-033 ( Report Product ): null</system-out>
        <system-err>2019-09-02 14:53:58 - [TEST_SUITE][INCOMPLETE] - IP-033 ( Report Product ): null</system-err>
    </testsuite>
</testsuites>
