<?xml version="1.0" encoding="UTF-8" standalone="yes"?>
<testsuites name="IP-036 ( Report Receipt Transactions )" time="40" tests="1" failures="0" errors="0">
    <testsuite name="IP-036 ( Report Receipt Transactions )" tests="1" failures="0" errors="0" time="40" timestamp="2019-09-04 06:31:04" hostname="refqi - 192.168.1.101" id="Test Suites/IP-036 ( Report Receipt Transactions )">
        <properties>
            <property name="deviceName" value=""/>
            <property name="devicePlatform" value=""/>
            <property name="logFolder" value="/Users/refqi/Katalon Studio/ipropio otomasi/Reports/20190904_063101/IP-036 ( Report Receipt Transactions )/20190904_063101"/>
            <property name="logFiles" value="/Users/refqi/Katalon Studio/ipropio otomasi/Reports/20190904_063101/IP-036 ( Report Receipt Transactions )/20190904_063101/execution0.log"/>
            <property name="attachments" value="/Users/refqi/Documents/webippro/4.png, /Users/refqi/Documents/webippro/5.png, /Users/refqi/Katalon Studio/ipropio otomasi/Reports/20190904_063101/IP-036 ( Report Receipt Transactions )/20190904_063101/1567553500484.png, /Users/refqi/Katalon Studio/ipropio otomasi/Reports/20190904_063101/IP-036 ( Report Receipt Transactions )/20190904_063101/1567553501022.png, /Users/refqi/Katalon Studio/ipropio otomasi/Reports/20190904_063101/IP-036 ( Report Receipt Transactions )/20190904_063101/1567553504716.png"/>
            <property name="hostName" value="refqi - 192.168.1.101"/>
            <property name="os" value="Mac OS X 64bit"/>
            <property name="katalonVersion" value="6.3.3.11"/>
            <property name="browser" value="Chrome 76.0.3809.100"/>
            <property name="hostAddress" value="192.168.1.101"/>
            <property name="sessionId" value="beb9d38e6bcff4db0b1c5884afedb5c7"/>
            <property name="seleniumVersion" value="3.141.59"/>
            <property name="proxyInformation" value="ProxyInformation{proxyOption=NO_PROXY, proxyServerType=HTTP, password=, proxyServerAddress=, proxyServerPort=0}"/>
            <property name="platform" value="Mac OS X"/>
        </properties>
        <testcase name="Test Cases/IP-036 ( Report Receipt Transaction )" classname="Test Cases/IP-036 ( Report Receipt Transaction )" status="PASSED">
            <system-out>2019-09-04 06:31:05 - [TEST_CASE][PASSED] - Test Cases/IP-036 ( Report Receipt Transaction ): Test Cases/IP-036 ( Report Receipt Transaction )

2019-09-04 06:31:05 - [TEST_STEP][PASSED] - callTestCase(findTestCase("IP-001 (Login hit berkali kali)"), ["Email":"aaa@gmail.com", "Password":"123445656"], STOP_ON_FAILURE): Call Test Case 'Test Cases/IP-001 (Login hit berkali kali)' successfully

2019-09-04 06:31:05 - [TEST_CASE][PASSED] - Test Cases/IP-001 (Login hit berkali kali): Test Cases/IP-001 (Login hit berkali kali)

2019-09-04 06:31:05 - [TEST_STEP][PASSED] - openBrowser("http://kamisa.web.iprop-dev.com/login"): Browser is opened with url: 'http://kamisa.web.iprop-dev.com/login'

2019-09-04 06:31:06 - [MESSAGE][INFO] - Starting 'Chrome' driver

2019-09-04 06:31:06 - [MESSAGE][INFO] - Action delay is set to 0 seconds

2019-09-04 06:31:10 - [MESSAGE][PASSED] - Browser is opened with url: 'http://kamisa.web.iprop-dev.com/login'

2019-09-04 06:31:10 - [TEST_STEP][PASSED] - delay(3): Delayed 3 second(s)

2019-09-04 06:31:13 - [MESSAGE][PASSED] - Delayed 3 second(s)

2019-09-04 06:31:13 - [TEST_STEP][PASSED] - setText(findTestObject("Page_iPropio - Login/input_Email_email"), "didinonpqcms@gmail.com"): Text 'didinonpqcms@gmail.com' is set on object 'Object Repository/Page_iPropio - Login/input_Email_email'

2019-09-04 06:31:13 - [MESSAGE][PASSED] - Text 'didinonpqcms@gmail.com' is set on object 'Object Repository/Page_iPropio - Login/input_Email_email'

2019-09-04 06:31:13 - [TEST_STEP][PASSED] - delay(5): Delayed 5 second(s)

2019-09-04 06:31:18 - [MESSAGE][PASSED] - Delayed 5 second(s)

2019-09-04 06:31:18 - [TEST_STEP][PASSED] - takeScreenshot("/Users/refqi/Documents/webippro/4.png"): Taking screenshot successfully

2019-09-04 06:31:19 - [MESSAGE][PASSED] - Taking screenshot successfully
[[ATTACHMENT|/Users/refqi/Documents/webippro/4.png]]

2019-09-04 06:31:19 - [TEST_STEP][PASSED] - setText(findTestObject("Page_iPropio - Login/input_Password_password"), "testing12345"): Text 'testing12345' is set on object 'Object Repository/Page_iPropio - Login/input_Password_password'

2019-09-04 06:31:19 - [MESSAGE][PASSED] - Text 'testing12345' is set on object 'Object Repository/Page_iPropio - Login/input_Password_password'

2019-09-04 06:31:19 - [TEST_STEP][PASSED] - delay(3): Delayed 3 second(s)

2019-09-04 06:31:22 - [MESSAGE][PASSED] - Delayed 3 second(s)

2019-09-04 06:31:22 - [TEST_STEP][PASSED] - takeScreenshot("/Users/refqi/Documents/webippro/5.png"): Taking screenshot successfully

2019-09-04 06:31:23 - [MESSAGE][PASSED] - Taking screenshot successfully
[[ATTACHMENT|/Users/refqi/Documents/webippro/5.png]]

2019-09-04 06:31:23 - [TEST_STEP][PASSED] - click(findTestObject("Page_iPropio - Login/button_Login Now")): Object: 'Object Repository/Page_iPropio - Login/button_Login Now' is clicked on

2019-09-04 06:31:23 - [MESSAGE][PASSED] - Object: 'Object Repository/Page_iPropio - Login/button_Login Now' is clicked on

2019-09-04 06:31:23 - [MESSAGE][PASSED] - Call Test Case 'Test Cases/IP-001 (Login hit berkali kali)' successfully

2019-09-04 06:31:23 - [TEST_STEP][PASSED] - click(findTestObject("receipt transactions/div_Reports")): Object: 'Object Repository/receipt transactions/div_Reports' is clicked on

2019-09-04 06:31:24 - [MESSAGE][PASSED] - Object: 'Object Repository/receipt transactions/div_Reports' is clicked on

2019-09-04 06:31:24 - [TEST_STEP][PASSED] - delay(2): Delayed 2 second(s)

2019-09-04 06:31:26 - [MESSAGE][PASSED] - Delayed 2 second(s)

2019-09-04 06:31:26 - [TEST_STEP][PASSED] - click(findTestObject("receipt transactions/a_Receipts Transactions")): Object: 'Object Repository/receipt transactions/a_Receipts Transactions' is clicked on

2019-09-04 06:31:26 - [MESSAGE][PASSED] - Object: 'Object Repository/receipt transactions/a_Receipts Transactions' is clicked on

2019-09-04 06:31:26 - [TEST_STEP][PASSED] - click(findTestObject("receipt transactions/input_Date Range_date")): Object: 'Object Repository/receipt transactions/input_Date Range_date' is clicked on

2019-09-04 06:31:28 - [MESSAGE][PASSED] - Object: 'Object Repository/receipt transactions/input_Date Range_date' is clicked on

2019-09-04 06:31:28 - [TEST_STEP][PASSED] - delay(3): Delayed 3 second(s)

2019-09-04 06:31:31 - [MESSAGE][PASSED] - Delayed 3 second(s)

2019-09-04 06:31:31 - [TEST_STEP][PASSED] - click(findTestObject("receipt transactions/button_previous 30 days")): Object: 'Object Repository/receipt transactions/button_previous 30 days' is clicked on

2019-09-04 06:31:31 - [MESSAGE][PASSED] - Object: 'Object Repository/receipt transactions/button_previous 30 days' is clicked on

2019-09-04 06:31:31 - [TEST_STEP][PASSED] - delay(3): Delayed 3 second(s)

2019-09-04 06:31:34 - [MESSAGE][PASSED] - Delayed 3 second(s)

2019-09-04 06:31:34 - [TEST_STEP][PASSED] - setText(findTestObject("receipt transactions/input_Receipt Number___BVID__176"), "CBA00021"): Text 'CBA00021' is set on object 'Object Repository/receipt transactions/input_Receipt Number___BVID__176'

2019-09-04 06:31:34 - [MESSAGE][PASSED] - Text 'CBA00021' is set on object 'Object Repository/receipt transactions/input_Receipt Number___BVID__176'

2019-09-04 06:31:34 - [TEST_STEP][PASSED] - clearText(findTestObject("receipt transactions/input_Receipt Number___BVID__176")): Text of object 'Object Repository/receipt transactions/input_Receipt Number___BVID__176' is cleared

2019-09-04 06:31:34 - [MESSAGE][PASSED] - Text of object 'Object Repository/receipt transactions/input_Receipt Number___BVID__176' is cleared

2019-09-04 06:31:34 - [TEST_STEP][PASSED] - click(findTestObject("receipt transactions/input_All_vs__search")): Object: 'Object Repository/receipt transactions/input_All_vs__search' is clicked on

2019-09-04 06:31:34 - [MESSAGE][PASSED] - Object: 'Object Repository/receipt transactions/input_All_vs__search' is clicked on

2019-09-04 06:31:34 - [TEST_STEP][PASSED] - click(findTestObject("receipt transactions/li_Cash")): Object: 'Object Repository/receipt transactions/li_Cash' is clicked on

2019-09-04 06:31:35 - [MESSAGE][PASSED] - Object: 'Object Repository/receipt transactions/li_Cash' is clicked on

2019-09-04 06:31:35 - [TEST_STEP][PASSED] - click(findTestObject("receipt transactions/a_cash too00023")): Object: 'Object Repository/receipt transactions/a_cash too00023' is clicked on

2019-09-04 06:31:35 - [MESSAGE][PASSED] - Object: 'Object Repository/receipt transactions/a_cash too00023' is clicked on

2019-09-04 06:31:35 - [TEST_STEP][PASSED] - delay(3): Delayed 3 second(s)

2019-09-04 06:31:38 - [MESSAGE][PASSED] - Delayed 3 second(s)

2019-09-04 06:31:38 - [TEST_STEP][PASSED] - click(findTestObject("receipt transactions/button_Email Receipt")): Object: 'Object Repository/receipt transactions/button_Email Receipt' is clicked on

2019-09-04 06:31:38 - [MESSAGE][PASSED] - Object: 'Object Repository/receipt transactions/button_Email Receipt' is clicked on

2019-09-04 06:31:38 - [TEST_STEP][PASSED] - delay(2): Delayed 2 second(s)

2019-09-04 06:31:40 - [MESSAGE][PASSED] - Delayed 2 second(s)

2019-09-04 06:31:40 - [TEST_STEP][PASSED] - takeScreenshot(): Taking screenshot successfully

2019-09-04 06:31:40 - [MESSAGE][PASSED] - Taking screenshot successfully
[[ATTACHMENT|/Users/refqi/Katalon Studio/ipropio otomasi/Reports/20190904_063101/IP-036 ( Report Receipt Transactions )/20190904_063101/1567553500484.png]]

2019-09-04 06:31:40 - [TEST_STEP][PASSED] - click(findTestObject("receipt transactions/button_Cancel Receipt")): Object: 'Object Repository/receipt transactions/button_Cancel Receipt' is clicked on

2019-09-04 06:31:41 - [MESSAGE][PASSED] - Object: 'Object Repository/receipt transactions/button_Cancel Receipt' is clicked on

2019-09-04 06:31:41 - [TEST_STEP][PASSED] - takeScreenshot(): Taking screenshot successfully

2019-09-04 06:31:41 - [MESSAGE][PASSED] - Taking screenshot successfully
[[ATTACHMENT|/Users/refqi/Katalon Studio/ipropio otomasi/Reports/20190904_063101/IP-036 ( Report Receipt Transactions )/20190904_063101/1567553501022.png]]

2019-09-04 06:31:41 - [TEST_STEP][PASSED] - delay(3): Delayed 3 second(s)

2019-09-04 06:31:44 - [MESSAGE][PASSED] - Delayed 3 second(s)

2019-09-04 06:31:44 - [TEST_STEP][PASSED] - setText(findTestObject("receipt transactions/input_Enter your password to continue_swal2-input"), "testing12345"): Text 'testing12345' is set on object 'Object Repository/receipt transactions/input_Enter your password to continue_swal2-input'

2019-09-04 06:31:44 - [MESSAGE][PASSED] - Text 'testing12345' is set on object 'Object Repository/receipt transactions/input_Enter your password to continue_swal2-input'

2019-09-04 06:31:44 - [TEST_STEP][PASSED] - click(findTestObject("receipt transactions/button_Yes Cancel")): Object: 'Object Repository/receipt transactions/button_Yes Cancel' is clicked on

2019-09-04 06:31:44 - [MESSAGE][PASSED] - Object: 'Object Repository/receipt transactions/button_Yes Cancel' is clicked on

2019-09-04 06:31:44 - [TEST_STEP][PASSED] - takeScreenshot(): Taking screenshot successfully

2019-09-04 06:31:45 - [MESSAGE][PASSED] - Taking screenshot successfully
[[ATTACHMENT|/Users/refqi/Katalon Studio/ipropio otomasi/Reports/20190904_063101/IP-036 ( Report Receipt Transactions )/20190904_063101/1567553504716.png]]

2019-09-04 06:31:45 - [TEST_STEP][PASSED] - closeBrowser(): Browser is closed

2019-09-04 06:31:45 - [MESSAGE][PASSED] - Browser is closed</system-out>
            <system-err></system-err>
        </testcase>
        <system-out>2019-09-04 06:31:04 - [TEST_SUITE][INCOMPLETE] - IP-036 ( Report Receipt Transactions ): null</system-out>
        <system-err>2019-09-04 06:31:04 - [TEST_SUITE][INCOMPLETE] - IP-036 ( Report Receipt Transactions ): null</system-err>
    </testsuite>
</testsuites>
