<?xml version="1.0" encoding="UTF-8" standalone="yes"?>
<testsuites name="IP-037 ( Report Invoice Transactions )" time="93" tests="1" failures="0" errors="0">
    <testsuite name="IP-037 ( Report Invoice Transactions )" tests="1" failures="0" errors="0" time="93" timestamp="2019-09-04 09:50:40" hostname="refqi - 10.250.250.58" id="Test Suites/IP-037 ( Report Invoice Transactions )">
        <properties>
            <property name="deviceName" value=""/>
            <property name="devicePlatform" value=""/>
            <property name="logFolder" value="/Users/refqi/Katalon Studio/ipropio otomasi/Reports/20190904_095037/IP-037 ( Report Invoice Transactions )/20190904_095037"/>
            <property name="logFiles" value="/Users/refqi/Katalon Studio/ipropio otomasi/Reports/20190904_095037/IP-037 ( Report Invoice Transactions )/20190904_095037/execution0.log"/>
            <property name="attachments" value="/Users/refqi/Documents/webippro/4.png, /Users/refqi/Documents/webippro/5.png, /Users/refqi/Katalon Studio/ipropio otomasi/Reports/20190904_095037/IP-037 ( Report Invoice Transactions )/20190904_095037/1567565483985.png, /Users/refqi/Katalon Studio/ipropio otomasi/Reports/20190904_095037/IP-037 ( Report Invoice Transactions )/20190904_095037/1567565499935.png, /Users/refqi/Katalon Studio/ipropio otomasi/Reports/20190904_095037/IP-037 ( Report Invoice Transactions )/20190904_095037/1567565505607.png, /Users/refqi/Katalon Studio/ipropio otomasi/Reports/20190904_095037/IP-037 ( Report Invoice Transactions )/20190904_095037/1567565516753.png, /Users/refqi/Katalon Studio/ipropio otomasi/Reports/20190904_095037/IP-037 ( Report Invoice Transactions )/20190904_095037/1567565522833.png, /Users/refqi/Katalon Studio/ipropio otomasi/Reports/20190904_095037/IP-037 ( Report Invoice Transactions )/20190904_095037/1567565533805.png"/>
            <property name="hostName" value="refqi - 10.250.250.58"/>
            <property name="os" value="Mac OS X 64bit"/>
            <property name="katalonVersion" value="6.3.3.11"/>
            <property name="browser" value="Chrome 76.0.3809.100"/>
            <property name="hostAddress" value="10.250.250.58"/>
            <property name="sessionId" value="0e58613985166669d5a831470407dc8d"/>
            <property name="seleniumVersion" value="3.141.59"/>
            <property name="proxyInformation" value="ProxyInformation{proxyOption=NO_PROXY, proxyServerType=HTTP, password=, proxyServerAddress=, proxyServerPort=0}"/>
            <property name="platform" value="Mac OS X"/>
        </properties>
        <testcase name="Test Cases/IP-037 ( Report Invoice Transactions )" classname="Test Cases/IP-037 ( Report Invoice Transactions )" status="PASSED">
            <system-out>2019-09-04 09:50:41 - [TEST_CASE][PASSED] - Test Cases/IP-037 ( Report Invoice Transactions ): Test Cases/IP-037 ( Report Invoice Transactions )

2019-09-04 09:50:42 - [TEST_STEP][PASSED] - callTestCase(findTestCase("IP-001 (Login hit berkali kali)"), ["Email":"aaa@gmail.com", "Password":"123445656"], STOP_ON_FAILURE): Call Test Case 'Test Cases/IP-001 (Login hit berkali kali)' successfully

2019-09-04 09:50:42 - [TEST_CASE][PASSED] - Test Cases/IP-001 (Login hit berkali kali): Test Cases/IP-001 (Login hit berkali kali)

2019-09-04 09:50:42 - [TEST_STEP][PASSED] - openBrowser("http://kamisa.web.iprop-dev.com/login"): Browser is opened with url: 'http://kamisa.web.iprop-dev.com/login'

2019-09-04 09:50:42 - [MESSAGE][INFO] - Starting 'Chrome' driver

2019-09-04 09:50:43 - [MESSAGE][INFO] - Action delay is set to 0 seconds

2019-09-04 09:50:46 - [MESSAGE][PASSED] - Browser is opened with url: 'http://kamisa.web.iprop-dev.com/login'

2019-09-04 09:50:46 - [TEST_STEP][PASSED] - delay(3): Delayed 3 second(s)

2019-09-04 09:50:49 - [MESSAGE][PASSED] - Delayed 3 second(s)

2019-09-04 09:50:49 - [TEST_STEP][PASSED] - setText(findTestObject("Page_iPropio - Login/input_Email_email"), "didinonpqcms@gmail.com"): Text 'didinonpqcms@gmail.com' is set on object 'Object Repository/Page_iPropio - Login/input_Email_email'

2019-09-04 09:50:50 - [MESSAGE][PASSED] - Text 'didinonpqcms@gmail.com' is set on object 'Object Repository/Page_iPropio - Login/input_Email_email'

2019-09-04 09:50:50 - [TEST_STEP][PASSED] - delay(5): Delayed 5 second(s)

2019-09-04 09:50:55 - [MESSAGE][PASSED] - Delayed 5 second(s)

2019-09-04 09:50:55 - [TEST_STEP][PASSED] - takeScreenshot("/Users/refqi/Documents/webippro/4.png"): Taking screenshot successfully

2019-09-04 09:50:56 - [MESSAGE][PASSED] - Taking screenshot successfully
[[ATTACHMENT|/Users/refqi/Documents/webippro/4.png]]

2019-09-04 09:50:56 - [TEST_STEP][PASSED] - setText(findTestObject("Page_iPropio - Login/input_Password_password"), "testing12345"): Text 'testing12345' is set on object 'Object Repository/Page_iPropio - Login/input_Password_password'

2019-09-04 09:50:56 - [MESSAGE][PASSED] - Text 'testing12345' is set on object 'Object Repository/Page_iPropio - Login/input_Password_password'

2019-09-04 09:50:56 - [TEST_STEP][PASSED] - delay(3): Delayed 3 second(s)

2019-09-04 09:50:59 - [MESSAGE][PASSED] - Delayed 3 second(s)

2019-09-04 09:50:59 - [TEST_STEP][PASSED] - takeScreenshot("/Users/refqi/Documents/webippro/5.png"): Taking screenshot successfully

2019-09-04 09:51:19 - [MESSAGE][PASSED] - Taking screenshot successfully
[[ATTACHMENT|/Users/refqi/Documents/webippro/5.png]]

2019-09-04 09:51:19 - [TEST_STEP][PASSED] - click(findTestObject("Page_iPropio - Login/button_Login Now")): Object: 'Object Repository/Page_iPropio - Login/button_Login Now' is clicked on

2019-09-04 09:51:19 - [MESSAGE][PASSED] - Object: 'Object Repository/Page_iPropio - Login/button_Login Now' is clicked on

2019-09-04 09:51:19 - [MESSAGE][PASSED] - Call Test Case 'Test Cases/IP-001 (Login hit berkali kali)' successfully

2019-09-04 09:51:19 - [TEST_STEP][PASSED] - delay(2): Delayed 2 second(s)

2019-09-04 09:51:21 - [MESSAGE][PASSED] - Delayed 2 second(s)

2019-09-04 09:51:21 - [TEST_STEP][PASSED] - click(findTestObject("Object Repository/Invoice Report/div_Reports")): Object: 'Object Repository/Invoice Report/div_Reports' is clicked on

2019-09-04 09:51:21 - [MESSAGE][PASSED] - Object: 'Object Repository/Invoice Report/div_Reports' is clicked on

2019-09-04 09:51:21 - [TEST_STEP][PASSED] - click(findTestObject("Object Repository/Invoice Report/a_Invoices Transactions")): Object: 'Object Repository/Invoice Report/a_Invoices Transactions' is clicked on

2019-09-04 09:51:21 - [MESSAGE][PASSED] - Object: 'Object Repository/Invoice Report/a_Invoices Transactions' is clicked on

2019-09-04 09:51:21 - [TEST_STEP][PASSED] - delay(2): Delayed 2 second(s)

2019-09-04 09:51:23 - [MESSAGE][PASSED] - Delayed 2 second(s)

2019-09-04 09:51:23 - [TEST_STEP][PASSED] - takeScreenshot(): Taking screenshot successfully

2019-09-04 09:51:24 - [MESSAGE][PASSED] - Taking screenshot successfully
[[ATTACHMENT|/Users/refqi/Katalon Studio/ipropio otomasi/Reports/20190904_095037/IP-037 ( Report Invoice Transactions )/20190904_095037/1567565483985.png]]

2019-09-04 09:51:24 - [TEST_STEP][PASSED] - click(findTestObject("Invoice Report/input_Show_vs__search")): Object: 'Object Repository/Invoice Report/input_Show_vs__search' is clicked on

2019-09-04 09:51:25 - [MESSAGE][PASSED] - Object: 'Object Repository/Invoice Report/input_Show_vs__search' is clicked on

2019-09-04 09:51:25 - [TEST_STEP][PASSED] - click(findTestObject("Object Repository/Invoice Report/li_10")): Object: 'Object Repository/Invoice Report/li_10' is clicked on

2019-09-04 09:51:25 - [MESSAGE][PASSED] - Object: 'Object Repository/Invoice Report/li_10' is clicked on

2019-09-04 09:51:25 - [TEST_STEP][PASSED] - delay(9): Delayed 9 second(s)

2019-09-04 09:51:34 - [MESSAGE][PASSED] - Delayed 9 second(s)

2019-09-04 09:51:34 - [TEST_STEP][PASSED] - scrollToPosition(0, 9999999): Browser is scrolled to position x = 0, y = 9999999

2019-09-04 09:51:34 - [MESSAGE][PASSED] - Browser is scrolled to position x = 0, y = 9999999

2019-09-04 09:51:34 - [TEST_STEP][PASSED] - delay(5): Delayed 5 second(s)

2019-09-04 09:51:39 - [MESSAGE][PASSED] - Delayed 5 second(s)

2019-09-04 09:51:39 - [TEST_STEP][PASSED] - takeScreenshot(): Taking screenshot successfully

2019-09-04 09:51:40 - [MESSAGE][PASSED] - Taking screenshot successfully
[[ATTACHMENT|/Users/refqi/Katalon Studio/ipropio otomasi/Reports/20190904_095037/IP-037 ( Report Invoice Transactions )/20190904_095037/1567565499935.png]]

2019-09-04 09:51:40 - [TEST_STEP][PASSED] - scrollToPosition(9999999, 0): Browser is scrolled to position x = 9999999, y = 0

2019-09-04 09:51:40 - [MESSAGE][PASSED] - Browser is scrolled to position x = 9999999, y = 0

2019-09-04 09:51:40 - [TEST_STEP][PASSED] - delay(5): Delayed 5 second(s)

2019-09-04 09:51:45 - [MESSAGE][PASSED] - Delayed 5 second(s)

2019-09-04 09:51:45 - [TEST_STEP][PASSED] - takeScreenshot(): Taking screenshot successfully

2019-09-04 09:51:45 - [MESSAGE][PASSED] - Taking screenshot successfully
[[ATTACHMENT|/Users/refqi/Katalon Studio/ipropio otomasi/Reports/20190904_095037/IP-037 ( Report Invoice Transactions )/20190904_095037/1567565505607.png]]

2019-09-04 09:51:45 - [TEST_STEP][PASSED] - click(findTestObject("Invoice Report/input_Show_vs__search")): Object: 'Object Repository/Invoice Report/input_Show_vs__search' is clicked on

2019-09-04 09:51:46 - [MESSAGE][PASSED] - Object: 'Object Repository/Invoice Report/input_Show_vs__search' is clicked on

2019-09-04 09:51:46 - [TEST_STEP][PASSED] - click(findTestObject("Object Repository/Invoice Report/li_20")): Object: 'Object Repository/Invoice Report/li_20' is clicked on

2019-09-04 09:51:46 - [MESSAGE][PASSED] - Object: 'Object Repository/Invoice Report/li_20' is clicked on

2019-09-04 09:51:46 - [TEST_STEP][PASSED] - delay(10): Delayed 10 second(s)

2019-09-04 09:51:56 - [MESSAGE][PASSED] - Delayed 10 second(s)

2019-09-04 09:51:56 - [TEST_STEP][PASSED] - takeScreenshot(): Taking screenshot successfully

2019-09-04 09:51:57 - [MESSAGE][PASSED] - Taking screenshot successfully
[[ATTACHMENT|/Users/refqi/Katalon Studio/ipropio otomasi/Reports/20190904_095037/IP-037 ( Report Invoice Transactions )/20190904_095037/1567565516753.png]]

2019-09-04 09:51:57 - [TEST_STEP][PASSED] - click(findTestObject("Invoice Report/input_Date Range_date")): Object: 'Object Repository/Invoice Report/input_Date Range_date' is clicked on

2019-09-04 09:51:57 - [MESSAGE][PASSED] - Object: 'Object Repository/Invoice Report/input_Date Range_date' is clicked on

2019-09-04 09:51:57 - [TEST_STEP][PASSED] - click(findTestObject("Invoice Report/button_previous 30 days")): Object: 'Object Repository/Invoice Report/button_previous 30 days' is clicked on

2019-09-04 09:51:57 - [MESSAGE][PASSED] - Object: 'Object Repository/Invoice Report/button_previous 30 days' is clicked on

2019-09-04 09:51:57 - [TEST_STEP][PASSED] - click(findTestObject("Invoice Report/a_ABC00633")): Object: 'Object Repository/Invoice Report/a_ABC00633' is clicked on

2019-09-04 09:51:57 - [MESSAGE][PASSED] - Object: 'Object Repository/Invoice Report/a_ABC00633' is clicked on

2019-09-04 09:51:57 - [TEST_STEP][PASSED] - delay(3): Delayed 3 second(s)

2019-09-04 09:52:00 - [MESSAGE][PASSED] - Delayed 3 second(s)

2019-09-04 09:52:00 - [TEST_STEP][PASSED] - click(findTestObject("Invoice Report/button_Email Invoice")): Object: 'Object Repository/Invoice Report/button_Email Invoice' is clicked on

2019-09-04 09:52:00 - [MESSAGE][PASSED] - Object: 'Object Repository/Invoice Report/button_Email Invoice' is clicked on

2019-09-04 09:52:00 - [TEST_STEP][PASSED] - delay(2): Delayed 2 second(s)

2019-09-04 09:52:02 - [MESSAGE][PASSED] - Delayed 2 second(s)

2019-09-04 09:52:02 - [TEST_STEP][PASSED] - takeScreenshot(): Taking screenshot successfully

2019-09-04 09:52:03 - [MESSAGE][PASSED] - Taking screenshot successfully
[[ATTACHMENT|/Users/refqi/Katalon Studio/ipropio otomasi/Reports/20190904_095037/IP-037 ( Report Invoice Transactions )/20190904_095037/1567565522833.png]]

2019-09-04 09:52:03 - [TEST_STEP][PASSED] - click(findTestObject("Invoice Report/button_Cancel Invoice")): Object: 'Object Repository/Invoice Report/button_Cancel Invoice' is clicked on

2019-09-04 09:52:03 - [MESSAGE][PASSED] - Object: 'Object Repository/Invoice Report/button_Cancel Invoice' is clicked on

2019-09-04 09:52:03 - [TEST_STEP][PASSED] - delay(2): Delayed 2 second(s)

2019-09-04 09:52:05 - [MESSAGE][PASSED] - Delayed 2 second(s)

2019-09-04 09:52:05 - [TEST_STEP][PASSED] - setText(findTestObject("Invoice Report/input__swal2-input"), "testing12345"): Text 'testing12345' is set on object 'Object Repository/Invoice Report/input__swal2-input'

2019-09-04 09:52:05 - [MESSAGE][PASSED] - Text 'testing12345' is set on object 'Object Repository/Invoice Report/input__swal2-input'

2019-09-04 09:52:05 - [TEST_STEP][PASSED] - delay(3): Delayed 3 second(s)

2019-09-04 09:52:08 - [MESSAGE][PASSED] - Delayed 3 second(s)

2019-09-04 09:52:08 - [TEST_STEP][PASSED] - click(findTestObject("Invoice Report/Page_iPropio Resident Association and Security Management/button_Cancel Invoice")): Object: 'Object Repository/Invoice Report/Page_iPropio Resident Association and Security Management/button_Cancel Invoice' is clicked on

2019-09-04 09:52:08 - [MESSAGE][PASSED] - Object: 'Object Repository/Invoice Report/Page_iPropio Resident Association and Security Management/button_Cancel Invoice' is clicked on

2019-09-04 09:52:08 - [TEST_STEP][PASSED] - delay(5): Delayed 5 second(s)

2019-09-04 09:52:13 - [MESSAGE][PASSED] - Delayed 5 second(s)

2019-09-04 09:52:13 - [TEST_STEP][PASSED] - takeScreenshot(): Taking screenshot successfully

2019-09-04 09:52:14 - [MESSAGE][PASSED] - Taking screenshot successfully
[[ATTACHMENT|/Users/refqi/Katalon Studio/ipropio otomasi/Reports/20190904_095037/IP-037 ( Report Invoice Transactions )/20190904_095037/1567565533805.png]]</system-out>
            <system-err></system-err>
        </testcase>
        <system-out>2019-09-04 09:50:40 - [TEST_SUITE][INCOMPLETE] - IP-037 ( Report Invoice Transactions ): null</system-out>
        <system-err>2019-09-04 09:50:40 - [TEST_SUITE][INCOMPLETE] - IP-037 ( Report Invoice Transactions ): null</system-err>
    </testsuite>
</testsuites>
