<?xml version="1.0" encoding="UTF-8" standalone="yes"?>
<testsuites name="IP-029 ( Patrol Setting )" time="30" tests="1" failures="0" errors="0">
    <testsuite name="IP-029 ( Patrol Setting )" tests="1" failures="0" errors="0" time="30" timestamp="2019-09-01 13:38:38" hostname="refqi - 192.168.1.101" id="Test Suites/IP-029 ( Patrol Setting )">
        <properties>
            <property name="deviceName" value=""/>
            <property name="devicePlatform" value=""/>
            <property name="logFolder" value="/Users/refqi/Katalon Studio/ipropio otomasi/Reports/20190901_133836/IP-029 ( Patrol Setting )/20190901_133836"/>
            <property name="logFiles" value="/Users/refqi/Katalon Studio/ipropio otomasi/Reports/20190901_133836/IP-029 ( Patrol Setting )/20190901_133836/execution0.log"/>
            <property name="attachments" value="/Users/refqi/Documents/webippro/4.png, /Users/refqi/Documents/webippro/5.png"/>
            <property name="hostName" value="refqi - 192.168.1.101"/>
            <property name="os" value="Mac OS X 64bit"/>
            <property name="katalonVersion" value="6.3.3.11"/>
            <property name="browser" value="Chrome 76.0.3809.100"/>
            <property name="hostAddress" value="192.168.1.101"/>
            <property name="sessionId" value="e1937e316732da8c812b3730f55c1cba"/>
            <property name="seleniumVersion" value="3.141.59"/>
            <property name="proxyInformation" value="ProxyInformation{proxyOption=NO_PROXY, proxyServerType=HTTP, password=, proxyServerAddress=, proxyServerPort=0}"/>
            <property name="platform" value="Mac OS X"/>
        </properties>
        <testcase name="Test Cases/IP-029 ( Patrol Checkpoint )" classname="Test Cases/IP-029 ( Patrol Checkpoint )" status="PASSED">
            <system-out>2019-09-01 13:38:39 - [TEST_CASE][PASSED] - Test Cases/IP-029 ( Patrol Checkpoint ): Test Cases/IP-029 ( Patrol Checkpoint )

2019-09-01 13:38:39 - [TEST_STEP][PASSED] - callTestCase(findTestCase("IP-001 (Login hit berkali kali)"), ["Email":"aaa@gmail.com", "Password":"123445656"], STOP_ON_FAILURE): Call Test Case 'Test Cases/IP-001 (Login hit berkali kali)' successfully

2019-09-01 13:38:39 - [TEST_CASE][PASSED] - Test Cases/IP-001 (Login hit berkali kali): Test Cases/IP-001 (Login hit berkali kali)

2019-09-01 13:38:39 - [TEST_STEP][PASSED] - openBrowser("http://kamisa.web.iprop-dev.com/login"): Browser is opened with url: 'http://kamisa.web.iprop-dev.com/login'

2019-09-01 13:38:40 - [MESSAGE][INFO] - Starting 'Chrome' driver

2019-09-01 13:38:40 - [MESSAGE][INFO] - Action delay is set to 0 seconds

2019-09-01 13:38:52 - [MESSAGE][PASSED] - Browser is opened with url: 'http://kamisa.web.iprop-dev.com/login'

2019-09-01 13:38:52 - [TEST_STEP][PASSED] - delay(3): Delayed 3 second(s)

2019-09-01 13:38:55 - [MESSAGE][PASSED] - Delayed 3 second(s)

2019-09-01 13:38:55 - [TEST_STEP][PASSED] - setText(findTestObject("Page_iPropio - Login/input_Email_email"), "didinonpqcms@gmail.com"): Text 'didinonpqcms@gmail.com' is set on object 'Object Repository/Page_iPropio - Login/input_Email_email'

2019-09-01 13:38:56 - [MESSAGE][PASSED] - Text 'didinonpqcms@gmail.com' is set on object 'Object Repository/Page_iPropio - Login/input_Email_email'

2019-09-01 13:38:56 - [TEST_STEP][PASSED] - delay(5): Delayed 5 second(s)

2019-09-01 13:39:01 - [MESSAGE][PASSED] - Delayed 5 second(s)

2019-09-01 13:39:01 - [TEST_STEP][PASSED] - takeScreenshot("/Users/refqi/Documents/webippro/4.png"): Taking screenshot successfully

2019-09-01 13:39:01 - [MESSAGE][PASSED] - Taking screenshot successfully
[[ATTACHMENT|/Users/refqi/Documents/webippro/4.png]]

2019-09-01 13:39:01 - [TEST_STEP][PASSED] - setText(findTestObject("Page_iPropio - Login/input_Password_password"), "testing12345"): Text 'testing12345' is set on object 'Object Repository/Page_iPropio - Login/input_Password_password'

2019-09-01 13:39:02 - [MESSAGE][PASSED] - Text 'testing12345' is set on object 'Object Repository/Page_iPropio - Login/input_Password_password'

2019-09-01 13:39:02 - [TEST_STEP][PASSED] - delay(3): Delayed 3 second(s)

2019-09-01 13:39:05 - [MESSAGE][PASSED] - Delayed 3 second(s)

2019-09-01 13:39:05 - [TEST_STEP][PASSED] - takeScreenshot("/Users/refqi/Documents/webippro/5.png"): Taking screenshot successfully

2019-09-01 13:39:05 - [MESSAGE][PASSED] - Taking screenshot successfully
[[ATTACHMENT|/Users/refqi/Documents/webippro/5.png]]

2019-09-01 13:39:05 - [TEST_STEP][PASSED] - click(findTestObject("Page_iPropio - Login/button_Login Now")): Object: 'Object Repository/Page_iPropio - Login/button_Login Now' is clicked on

2019-09-01 13:39:05 - [MESSAGE][PASSED] - Object: 'Object Repository/Page_iPropio - Login/button_Login Now' is clicked on

2019-09-01 13:39:05 - [MESSAGE][PASSED] - Call Test Case 'Test Cases/IP-001 (Login hit berkali kali)' successfully

2019-09-01 13:39:05 - [TEST_STEP][PASSED] - click(findTestObject("Object Repository/patrol setting/div_Guard  Security")): Object: 'Object Repository/patrol setting/div_Guard  Security' is clicked on

2019-09-01 13:39:07 - [MESSAGE][PASSED] - Object: 'Object Repository/patrol setting/div_Guard  Security' is clicked on

2019-09-01 13:39:07 - [TEST_STEP][PASSED] - click(findTestObject("Object Repository/patrol setting/a_Patrol Setting")): Object: 'Object Repository/patrol setting/a_Patrol Setting' is clicked on

2019-09-01 13:39:07 - [MESSAGE][PASSED] - Object: 'Object Repository/patrol setting/a_Patrol Setting' is clicked on

2019-09-01 13:39:07 - [TEST_STEP][PASSED] - click(findTestObject("Object Repository/patrol setting/a_Add New Checkpoint")): Object: 'Object Repository/patrol setting/a_Add New Checkpoint' is clicked on

2019-09-01 13:39:08 - [MESSAGE][PASSED] - Object: 'Object Repository/patrol setting/a_Add New Checkpoint' is clicked on

2019-09-01 13:39:08 - [TEST_STEP][PASSED] - setText(findTestObject("Object Repository/patrol setting/input_Checkpoint Name_patrol-point"), "ipropotomasi"): Text 'ipropotomasi' is set on object 'Object Repository/patrol setting/input_Checkpoint Name_patrol-point'

2019-09-01 13:39:09 - [MESSAGE][PASSED] - Text 'ipropotomasi' is set on object 'Object Repository/patrol setting/input_Checkpoint Name_patrol-point'

2019-09-01 13:39:09 - [TEST_STEP][PASSED] - setText(findTestObject("Object Repository/patrol setting/input_QR Code_code"), "iprop12345"): Text 'iprop12345' is set on object 'Object Repository/patrol setting/input_QR Code_code'

2019-09-01 13:39:09 - [MESSAGE][PASSED] - Text 'iprop12345' is set on object 'Object Repository/patrol setting/input_QR Code_code'

2019-09-01 13:39:09 - [TEST_STEP][PASSED] - click(findTestObject("Object Repository/patrol setting/button_Create New Checkpoint")): Object: 'Object Repository/patrol setting/button_Create New Checkpoint' is clicked on

2019-09-01 13:39:09 - [MESSAGE][PASSED] - Object: 'Object Repository/patrol setting/button_Create New Checkpoint' is clicked on</system-out>
            <system-err></system-err>
        </testcase>
        <system-out>2019-09-01 13:38:38 - [TEST_SUITE][INCOMPLETE] - IP-029 ( Patrol Setting ): null</system-out>
        <system-err>2019-09-01 13:38:38 - [TEST_SUITE][INCOMPLETE] - IP-029 ( Patrol Setting ): null</system-err>
    </testsuite>
</testsuites>
