<?xml version="1.0" encoding="UTF-8" standalone="yes"?>
<testsuites name="IP-039 ( Report property statment )" time="29" tests="1" failures="0" errors="0">
    <testsuite name="IP-039 ( Report property statment )" tests="1" failures="0" errors="0" time="29" timestamp="2019-09-06 10:27:47" hostname="refqi - 10.250.250.58" id="Test Suites/IP-039 ( Report property statment )">
        <properties>
            <property name="deviceName" value=""/>
            <property name="devicePlatform" value=""/>
            <property name="logFolder" value="/Users/refqi/git/ipropio/Reports/20190906_102739/IP-039 ( Report property statment )/20190906_102739"/>
            <property name="logFiles" value="/Users/refqi/git/ipropio/Reports/20190906_102739/IP-039 ( Report property statment )/20190906_102739/execution0.log"/>
            <property name="attachments" value="/Users/refqi/Documents/webippro/4.png, /Users/refqi/Documents/webippro/5.png, /Users/refqi/git/ipropio/Reports/20190906_102739/IP-039 ( Report property statment )/20190906_102739/1567740496859.png, /Users/refqi/git/ipropio/Reports/20190906_102739/IP-039 ( Report property statment )/20190906_102739/1567740497302.png"/>
            <property name="hostName" value="refqi - 10.250.250.58"/>
            <property name="os" value="Mac OS X 64bit"/>
            <property name="katalonVersion" value="6.3.3.11"/>
            <property name="browser" value="Chrome 76.0.3809.100"/>
            <property name="hostAddress" value="10.250.250.58"/>
            <property name="sessionId" value="5cf0ad701c03f0a0199360f3fc47ccdf"/>
            <property name="seleniumVersion" value="3.141.59"/>
            <property name="proxyInformation" value="ProxyInformation{proxyOption=NO_PROXY, proxyServerType=HTTP, password=, proxyServerAddress=, proxyServerPort=0}"/>
            <property name="platform" value="Mac OS X"/>
        </properties>
        <testcase name="Test Cases/IP-039 ( Report Property statment )" classname="Test Cases/IP-039 ( Report Property statment )" status="PASSED">
            <system-out>2019-09-06 10:27:48 - [TEST_CASE][PASSED] - Test Cases/IP-039 ( Report Property statment ): Test Cases/IP-039 ( Report Property statment )

2019-09-06 10:27:48 - [TEST_STEP][PASSED] - callTestCase(findTestCase("IP-001 (Login hit berkali kali)"), ["Email":"aaa@gmail.com", "Password":"123445656"], STOP_ON_FAILURE): Call Test Case 'Test Cases/IP-001 (Login hit berkali kali)' successfully

2019-09-06 10:27:48 - [TEST_CASE][PASSED] - Test Cases/IP-001 (Login hit berkali kali): Test Cases/IP-001 (Login hit berkali kali)

2019-09-06 10:27:49 - [TEST_STEP][PASSED] - openBrowser("http://kamisa.web.iprop-dev.com/login"): Browser is opened with url: 'http://kamisa.web.iprop-dev.com/login'

2019-09-06 10:27:49 - [MESSAGE][INFO] - Starting 'Chrome' driver

2019-09-06 10:27:49 - [MESSAGE][INFO] - Action delay is set to 0 seconds

2019-09-06 10:27:52 - [MESSAGE][PASSED] - Browser is opened with url: 'http://kamisa.web.iprop-dev.com/login'

2019-09-06 10:27:52 - [TEST_STEP][PASSED] - delay(3): Delayed 3 second(s)

2019-09-06 10:27:55 - [MESSAGE][PASSED] - Delayed 3 second(s)

2019-09-06 10:27:55 - [TEST_STEP][PASSED] - setText(findTestObject("Page_iPropio - Login/input_Email_email"), "didinonpqcms@gmail.com"): Text 'didinonpqcms@gmail.com' is set on object 'Object Repository/Page_iPropio - Login/input_Email_email'

2019-09-06 10:27:56 - [MESSAGE][PASSED] - Text 'didinonpqcms@gmail.com' is set on object 'Object Repository/Page_iPropio - Login/input_Email_email'

2019-09-06 10:27:56 - [TEST_STEP][PASSED] - delay(5): Delayed 5 second(s)

2019-09-06 10:28:01 - [MESSAGE][PASSED] - Delayed 5 second(s)

2019-09-06 10:28:01 - [TEST_STEP][PASSED] - takeScreenshot("/Users/refqi/Documents/webippro/4.png"): Taking screenshot successfully

2019-09-06 10:28:02 - [MESSAGE][PASSED] - Taking screenshot successfully
[[ATTACHMENT|/Users/refqi/Documents/webippro/4.png]]

2019-09-06 10:28:02 - [TEST_STEP][PASSED] - setText(findTestObject("Page_iPropio - Login/input_Password_password"), "testing12345"): Text 'testing12345' is set on object 'Object Repository/Page_iPropio - Login/input_Password_password'

2019-09-06 10:28:02 - [MESSAGE][PASSED] - Text 'testing12345' is set on object 'Object Repository/Page_iPropio - Login/input_Password_password'

2019-09-06 10:28:02 - [TEST_STEP][PASSED] - delay(3): Delayed 3 second(s)

2019-09-06 10:28:05 - [MESSAGE][PASSED] - Delayed 3 second(s)

2019-09-06 10:28:05 - [TEST_STEP][PASSED] - takeScreenshot("/Users/refqi/Documents/webippro/5.png"): Taking screenshot successfully

2019-09-06 10:28:06 - [MESSAGE][PASSED] - Taking screenshot successfully
[[ATTACHMENT|/Users/refqi/Documents/webippro/5.png]]

2019-09-06 10:28:06 - [TEST_STEP][PASSED] - click(findTestObject("Page_iPropio - Login/button_Login Now")): Object: 'Object Repository/Page_iPropio - Login/button_Login Now' is clicked on

2019-09-06 10:28:06 - [MESSAGE][PASSED] - Object: 'Object Repository/Page_iPropio - Login/button_Login Now' is clicked on

2019-09-06 10:28:06 - [MESSAGE][PASSED] - Call Test Case 'Test Cases/IP-001 (Login hit berkali kali)' successfully

2019-09-06 10:28:06 - [TEST_STEP][PASSED] - delay(2): Delayed 2 second(s)

2019-09-06 10:28:08 - [MESSAGE][PASSED] - Delayed 2 second(s)

2019-09-06 10:28:08 - [TEST_STEP][PASSED] - click(findTestObject("Object Repository/report property statment/div_Reports")): Object: 'Object Repository/report property statment/div_Reports' is clicked on

2019-09-06 10:28:08 - [MESSAGE][PASSED] - Object: 'Object Repository/report property statment/div_Reports' is clicked on

2019-09-06 10:28:08 - [TEST_STEP][PASSED] - click(findTestObject("Object Repository/report property statment/a_Property Statement")): Object: 'Object Repository/report property statment/a_Property Statement' is clicked on

2019-09-06 10:28:08 - [MESSAGE][PASSED] - Object: 'Object Repository/report property statment/a_Property Statement' is clicked on

2019-09-06 10:28:08 - [TEST_STEP][PASSED] - click(findTestObject("report property statment/input_Choose Street  Road_vs__search")): Object: 'Object Repository/report property statment/input_Choose Street  Road_vs__search' is clicked on

2019-09-06 10:28:10 - [MESSAGE][PASSED] - Object: 'Object Repository/report property statment/input_Choose Street  Road_vs__search' is clicked on

2019-09-06 10:28:10 - [TEST_STEP][PASSED] - click(findTestObject("Object Repository/report property statment/li_Jl Gembira ok")): Object: 'Object Repository/report property statment/li_Jl Gembira ok' is clicked on

2019-09-06 10:28:10 - [MESSAGE][PASSED] - Object: 'Object Repository/report property statment/li_Jl Gembira ok' is clicked on

2019-09-06 10:28:10 - [TEST_STEP][PASSED] - click(findTestObject("report property statment/input_House Number (optional)_vs__search")): Object: 'Object Repository/report property statment/input_House Number (optional)_vs__search' is clicked on

2019-09-06 10:28:10 - [MESSAGE][PASSED] - Object: 'Object Repository/report property statment/input_House Number (optional)_vs__search' is clicked on

2019-09-06 10:28:10 - [TEST_STEP][PASSED] - click(findTestObject("Object Repository/report property statment/li_2")): Object: 'Object Repository/report property statment/li_2' is clicked on

2019-09-06 10:28:10 - [MESSAGE][PASSED] - Object: 'Object Repository/report property statment/li_2' is clicked on

2019-09-06 10:28:10 - [TEST_STEP][PASSED] - delay(2): Delayed 2 second(s)

2019-09-06 10:28:12 - [MESSAGE][PASSED] - Delayed 2 second(s)

2019-09-06 10:28:12 - [TEST_STEP][PASSED] - click(findTestObject("Object Repository/report property statment/button_Search")): Object: 'Object Repository/report property statment/button_Search' is clicked on

2019-09-06 10:28:12 - [MESSAGE][PASSED] - Object: 'Object Repository/report property statment/button_Search' is clicked on

2019-09-06 10:28:12 - [TEST_STEP][PASSED] - delay(4): Delayed 4 second(s)

2019-09-06 10:28:16 - [MESSAGE][PASSED] - Delayed 4 second(s)

2019-09-06 10:28:16 - [TEST_STEP][PASSED] - takeScreenshot(): Taking screenshot successfully

2019-09-06 10:28:17 - [MESSAGE][PASSED] - Taking screenshot successfully
[[ATTACHMENT|/Users/refqi/git/ipropio/Reports/20190906_102739/IP-039 ( Report property statment )/20190906_102739/1567740496859.png]]

2019-09-06 10:28:17 - [TEST_STEP][PASSED] - click(findTestObject("Object Repository/report property statment/button_Back")): Object: 'Object Repository/report property statment/button_Back' is clicked on

2019-09-06 10:28:17 - [MESSAGE][PASSED] - Object: 'Object Repository/report property statment/button_Back' is clicked on

2019-09-06 10:28:17 - [TEST_STEP][PASSED] - takeScreenshot(): Taking screenshot successfully

2019-09-06 10:28:17 - [MESSAGE][PASSED] - Taking screenshot successfully
[[ATTACHMENT|/Users/refqi/git/ipropio/Reports/20190906_102739/IP-039 ( Report property statment )/20190906_102739/1567740497302.png]]</system-out>
            <system-err></system-err>
        </testcase>
        <system-out>2019-09-06 10:27:47 - [TEST_SUITE][INCOMPLETE] - IP-039 ( Report property statment ): null</system-out>
        <system-err>2019-09-06 10:27:47 - [TEST_SUITE][INCOMPLETE] - IP-039 ( Report property statment ): null</system-err>
    </testsuite>
</testsuites>
