<?xml version="1.0" encoding="UTF-8" standalone="yes"?>
<testsuites name="IP-032 ( Waiting Approval )" time="20" tests="1" failures="0" errors="0">
    <testsuite name="IP-032 ( Waiting Approval )" tests="1" failures="0" errors="0" time="20" timestamp="2019-09-02 10:58:13" hostname="refqi - 10.250.250.58" id="Test Suites/IP-032 ( Waiting Approval )">
        <properties>
            <property name="deviceName" value=""/>
            <property name="devicePlatform" value=""/>
            <property name="logFolder" value="/Users/refqi/Katalon Studio/ipropio otomasi/Reports/20190902_105810/IP-032 ( Waiting Approval )/20190902_105810"/>
            <property name="logFiles" value="/Users/refqi/Katalon Studio/ipropio otomasi/Reports/20190902_105810/IP-032 ( Waiting Approval )/20190902_105810/execution0.log"/>
            <property name="attachments" value="/Users/refqi/Documents/webippro/4.png, /Users/refqi/Documents/webippro/5.png, /Users/refqi/Katalon Studio/ipropio otomasi/Reports/20190902_105810/IP-032 ( Waiting Approval )/20190902_105810/1567396711706.png, /Users/refqi/Katalon Studio/ipropio otomasi/Reports/20190902_105810/IP-032 ( Waiting Approval )/20190902_105810/1567396712846.png, /Users/refqi/Katalon Studio/ipropio otomasi/Reports/20190902_105810/IP-032 ( Waiting Approval )/20190902_105810/1567396713349.png"/>
            <property name="hostName" value="refqi - 10.250.250.58"/>
            <property name="os" value="Mac OS X 64bit"/>
            <property name="katalonVersion" value="6.3.3.11"/>
            <property name="browser" value="Chrome 76.0.3809.100"/>
            <property name="hostAddress" value="10.250.250.58"/>
            <property name="sessionId" value="b1df0920a923ea1d3f5d66f2de0e247b"/>
            <property name="seleniumVersion" value="3.141.59"/>
            <property name="proxyInformation" value="ProxyInformation{proxyOption=NO_PROXY, proxyServerType=HTTP, password=, proxyServerAddress=, proxyServerPort=0}"/>
            <property name="platform" value="Mac OS X"/>
        </properties>
        <testcase name="Test Cases/IP-032 ( Waiting Approval )" classname="Test Cases/IP-032 ( Waiting Approval )" status="PASSED">
            <system-out>2019-09-02 10:58:13 - [TEST_CASE][PASSED] - Test Cases/IP-032 ( Waiting Approval ): Test Cases/IP-032 ( Waiting Approval )

2019-09-02 10:58:13 - [TEST_STEP][PASSED] - callTestCase(findTestCase("IP-001 (Login hit berkali kali)"), ["Email":"aaa@gmail.com", "Password":"123445656"], STOP_ON_FAILURE): Call Test Case 'Test Cases/IP-001 (Login hit berkali kali)' successfully

2019-09-02 10:58:13 - [TEST_CASE][PASSED] - Test Cases/IP-001 (Login hit berkali kali): Test Cases/IP-001 (Login hit berkali kali)

2019-09-02 10:58:14 - [TEST_STEP][PASSED] - openBrowser("http://kamisa.web.iprop-dev.com/login"): Browser is opened with url: 'http://kamisa.web.iprop-dev.com/login'

2019-09-02 10:58:14 - [MESSAGE][INFO] - Starting 'Chrome' driver

2019-09-02 10:58:14 - [MESSAGE][INFO] - Action delay is set to 0 seconds

2019-09-02 10:58:17 - [MESSAGE][PASSED] - Browser is opened with url: 'http://kamisa.web.iprop-dev.com/login'

2019-09-02 10:58:17 - [TEST_STEP][PASSED] - delay(3): Delayed 3 second(s)

2019-09-02 10:58:20 - [MESSAGE][PASSED] - Delayed 3 second(s)

2019-09-02 10:58:20 - [TEST_STEP][PASSED] - setText(findTestObject("Page_iPropio - Login/input_Email_email"), "didinonpqcms@gmail.com"): Text 'didinonpqcms@gmail.com' is set on object 'Object Repository/Page_iPropio - Login/input_Email_email'

2019-09-02 10:58:21 - [MESSAGE][PASSED] - Text 'didinonpqcms@gmail.com' is set on object 'Object Repository/Page_iPropio - Login/input_Email_email'

2019-09-02 10:58:21 - [TEST_STEP][PASSED] - delay(5): Delayed 5 second(s)

2019-09-02 10:58:26 - [MESSAGE][PASSED] - Delayed 5 second(s)

2019-09-02 10:58:26 - [TEST_STEP][PASSED] - takeScreenshot("/Users/refqi/Documents/webippro/4.png"): Taking screenshot successfully

2019-09-02 10:58:26 - [MESSAGE][PASSED] - Taking screenshot successfully
[[ATTACHMENT|/Users/refqi/Documents/webippro/4.png]]

2019-09-02 10:58:26 - [TEST_STEP][PASSED] - setText(findTestObject("Page_iPropio - Login/input_Password_password"), "testing12345"): Text 'testing12345' is set on object 'Object Repository/Page_iPropio - Login/input_Password_password'

2019-09-02 10:58:27 - [MESSAGE][PASSED] - Text 'testing12345' is set on object 'Object Repository/Page_iPropio - Login/input_Password_password'

2019-09-02 10:58:27 - [TEST_STEP][PASSED] - delay(3): Delayed 3 second(s)

2019-09-02 10:58:30 - [MESSAGE][PASSED] - Delayed 3 second(s)

2019-09-02 10:58:30 - [TEST_STEP][PASSED] - takeScreenshot("/Users/refqi/Documents/webippro/5.png"): Taking screenshot successfully

2019-09-02 10:58:30 - [MESSAGE][PASSED] - Taking screenshot successfully
[[ATTACHMENT|/Users/refqi/Documents/webippro/5.png]]

2019-09-02 10:58:30 - [TEST_STEP][PASSED] - click(findTestObject("Page_iPropio - Login/button_Login Now")): Object: 'Object Repository/Page_iPropio - Login/button_Login Now' is clicked on

2019-09-02 10:58:30 - [MESSAGE][PASSED] - Object: 'Object Repository/Page_iPropio - Login/button_Login Now' is clicked on

2019-09-02 10:58:30 - [MESSAGE][PASSED] - Call Test Case 'Test Cases/IP-001 (Login hit berkali kali)' successfully

2019-09-02 10:58:30 - [TEST_STEP][PASSED] - click(findTestObject("Object Repository/waiting approval/div_Residents")): Object: 'Object Repository/waiting approval/div_Residents' is clicked on

2019-09-02 10:58:31 - [MESSAGE][PASSED] - Object: 'Object Repository/waiting approval/div_Residents' is clicked on

2019-09-02 10:58:31 - [TEST_STEP][PASSED] - click(findTestObject("Object Repository/waiting approval/a_Resident Awaiting Approval")): Object: 'Object Repository/waiting approval/a_Resident Awaiting Approval' is clicked on

2019-09-02 10:58:31 - [MESSAGE][PASSED] - Object: 'Object Repository/waiting approval/a_Resident Awaiting Approval' is clicked on

2019-09-02 10:58:31 - [TEST_STEP][PASSED] - takeScreenshot(): Taking screenshot successfully

2019-09-02 10:58:32 - [MESSAGE][PASSED] - Taking screenshot successfully
[[ATTACHMENT|/Users/refqi/Katalon Studio/ipropio otomasi/Reports/20190902_105810/IP-032 ( Waiting Approval )/20190902_105810/1567396711706.png]]

2019-09-02 10:58:32 - [TEST_STEP][PASSED] - click(findTestObject("Object Repository/waiting approval/button_Approve")): Object: 'Object Repository/waiting approval/button_Approve' is clicked on

2019-09-02 10:58:32 - [MESSAGE][PASSED] - Object: 'Object Repository/waiting approval/button_Approve' is clicked on

2019-09-02 10:58:32 - [TEST_STEP][PASSED] - takeScreenshot(): Taking screenshot successfully

2019-09-02 10:58:33 - [MESSAGE][PASSED] - Taking screenshot successfully
[[ATTACHMENT|/Users/refqi/Katalon Studio/ipropio otomasi/Reports/20190902_105810/IP-032 ( Waiting Approval )/20190902_105810/1567396712846.png]]

2019-09-02 10:58:33 - [TEST_STEP][PASSED] - click(findTestObject("Object Repository/waiting approval/button_Yes Approve")): Object: 'Object Repository/waiting approval/button_Yes Approve' is clicked on

2019-09-02 10:58:33 - [MESSAGE][PASSED] - Object: 'Object Repository/waiting approval/button_Yes Approve' is clicked on

2019-09-02 10:58:33 - [TEST_STEP][PASSED] - takeScreenshot(): Taking screenshot successfully

2019-09-02 10:58:33 - [MESSAGE][PASSED] - Taking screenshot successfully
[[ATTACHMENT|/Users/refqi/Katalon Studio/ipropio otomasi/Reports/20190902_105810/IP-032 ( Waiting Approval )/20190902_105810/1567396713349.png]]</system-out>
            <system-err></system-err>
        </testcase>
        <system-out>2019-09-02 10:58:13 - [TEST_SUITE][INCOMPLETE] - IP-032 ( Waiting Approval ): null</system-out>
        <system-err>2019-09-02 10:58:13 - [TEST_SUITE][INCOMPLETE] - IP-032 ( Waiting Approval ): null</system-err>
    </testsuite>
</testsuites>
