<?xml version="1.0" encoding="UTF-8" standalone="yes"?>
<testsuites name="IP-001( Login )" time="17" tests="1" failures="0" errors="0">
    <testsuite name="IP-001( Login )" tests="1" failures="0" errors="0" time="17" timestamp="2019-09-05 07:01:09" hostname="refqi - 192.168.1.101" id="Test Suites/IP-001( Login )">
        <properties>
            <property name="deviceName" value=""/>
            <property name="devicePlatform" value=""/>
            <property name="logFolder" value="/Users/refqi/Katalon Studio/ipropio/Reports/20190905_070058/IP-001( Login )/20190905_070058"/>
            <property name="logFiles" value="/Users/refqi/Katalon Studio/ipropio/Reports/20190905_070058/IP-001( Login )/20190905_070058/execution0.log"/>
            <property name="attachments" value="/Users/refqi/Documents/webippro/4.png, /Users/refqi/Documents/webippro/5.png"/>
            <property name="hostName" value="refqi - 192.168.1.101"/>
            <property name="os" value="Mac OS X 64bit"/>
            <property name="katalonVersion" value="6.3.3.11"/>
            <property name="browser" value="Chrome 76.0.3809.100"/>
            <property name="hostAddress" value="192.168.1.101"/>
            <property name="sessionId" value="9dc48e670e8ed51587943a7a34b1e582"/>
            <property name="seleniumVersion" value="3.141.59"/>
            <property name="proxyInformation" value="ProxyInformation{proxyOption=NO_PROXY, proxyServerType=HTTP, password=, proxyServerAddress=, proxyServerPort=0}"/>
            <property name="platform" value="Mac OS X"/>
        </properties>
        <testcase name="Test Cases/IP-001 (Login hit berkali kali)" classname="Test Cases/IP-001 (Login hit berkali kali)" status="PASSED">
            <system-out>2019-09-05 07:01:09 - [TEST_CASE][PASSED] - Test Cases/IP-001 (Login hit berkali kali): Test Cases/IP-001 (Login hit berkali kali)

2019-09-05 07:01:10 - [TEST_STEP][PASSED] - openBrowser("http://kamisa.web.iprop-dev.com/login"): Browser is opened with url: 'http://kamisa.web.iprop-dev.com/login'

2019-09-05 07:01:10 - [MESSAGE][INFO] - Starting 'Chrome (headless)' driver

2019-09-05 07:01:10 - [MESSAGE][INFO] - User set preference: ['args', '[--start-maximized","--disable-infobars","--incognito]']

2019-09-05 07:01:10 - [MESSAGE][INFO] - Action delay is set to 0 seconds

2019-09-05 07:01:13 - [MESSAGE][PASSED] - Browser is opened with url: 'http://kamisa.web.iprop-dev.com/login'

2019-09-05 07:01:13 - [TEST_STEP][PASSED] - delay(3): Delayed 3 second(s)

2019-09-05 07:01:16 - [MESSAGE][PASSED] - Delayed 3 second(s)

2019-09-05 07:01:16 - [TEST_STEP][PASSED] - setText(findTestObject("Page_iPropio - Login/input_Email_email"), "didinonpqcms@gmail.com"): Text 'didinonpqcms@gmail.com' is set on object 'Object Repository/Page_iPropio - Login/input_Email_email'

2019-09-05 07:01:17 - [MESSAGE][PASSED] - Text 'didinonpqcms@gmail.com' is set on object 'Object Repository/Page_iPropio - Login/input_Email_email'

2019-09-05 07:01:17 - [TEST_STEP][PASSED] - delay(5): Delayed 5 second(s)

2019-09-05 07:01:22 - [MESSAGE][PASSED] - Delayed 5 second(s)

2019-09-05 07:01:22 - [TEST_STEP][PASSED] - takeScreenshot("/Users/refqi/Documents/webippro/4.png"): Taking screenshot successfully

2019-09-05 07:01:23 - [MESSAGE][PASSED] - Taking screenshot successfully
[[ATTACHMENT|/Users/refqi/Documents/webippro/4.png]]

2019-09-05 07:01:23 - [TEST_STEP][PASSED] - setText(findTestObject("Page_iPropio - Login/input_Password_password"), "testing12345"): Text 'testing12345' is set on object 'Object Repository/Page_iPropio - Login/input_Password_password'

2019-09-05 07:01:23 - [MESSAGE][PASSED] - Text 'testing12345' is set on object 'Object Repository/Page_iPropio - Login/input_Password_password'

2019-09-05 07:01:23 - [TEST_STEP][PASSED] - delay(3): Delayed 3 second(s)

2019-09-05 07:01:26 - [MESSAGE][PASSED] - Delayed 3 second(s)

2019-09-05 07:01:26 - [TEST_STEP][PASSED] - takeScreenshot("/Users/refqi/Documents/webippro/5.png"): Taking screenshot successfully

2019-09-05 07:01:27 - [MESSAGE][PASSED] - Taking screenshot successfully
[[ATTACHMENT|/Users/refqi/Documents/webippro/5.png]]

2019-09-05 07:01:27 - [TEST_STEP][PASSED] - click(findTestObject("Page_iPropio - Login/button_Login Now")): Object: 'Object Repository/Page_iPropio - Login/button_Login Now' is clicked on

2019-09-05 07:01:27 - [MESSAGE][PASSED] - Object: 'Object Repository/Page_iPropio - Login/button_Login Now' is clicked on</system-out>
            <system-err></system-err>
        </testcase>
        <system-out>2019-09-05 07:01:09 - [TEST_SUITE][INCOMPLETE] - IP-001( Login ): null</system-out>
        <system-err>2019-09-05 07:01:09 - [TEST_SUITE][INCOMPLETE] - IP-001( Login ): null</system-err>
    </testsuite>
</testsuites>
