<?xml version="1.0" encoding="UTF-8" standalone="yes"?>
<testsuites name="IP-035 ( Report admin Collection )" time="43" tests="1" failures="0" errors="0">
    <testsuite name="IP-035 ( Report admin Collection )" tests="1" failures="0" errors="0" time="43" timestamp="2019-09-04 05:44:56" hostname="refqi - 192.168.1.101" id="Test Suites/IP-035 ( Report admin Collection )">
        <properties>
            <property name="deviceName" value=""/>
            <property name="devicePlatform" value=""/>
            <property name="logFolder" value="/Users/refqi/Katalon Studio/ipropio otomasi/Reports/20190904_054454/IP-035 ( Report admin Collection )/20190904_054454"/>
            <property name="logFiles" value="/Users/refqi/Katalon Studio/ipropio otomasi/Reports/20190904_054454/IP-035 ( Report admin Collection )/20190904_054454/execution0.log"/>
            <property name="attachments" value="/Users/refqi/Documents/webippro/4.png, /Users/refqi/Documents/webippro/5.png, /Users/refqi/Katalon Studio/ipropio otomasi/Reports/20190904_054454/IP-035 ( Report admin Collection )/20190904_054454/1567550731746.png, /Users/refqi/Katalon Studio/ipropio otomasi/Reports/20190904_054454/IP-035 ( Report admin Collection )/20190904_054454/1567550736582.png, /Users/refqi/Katalon Studio/ipropio otomasi/Reports/20190904_054454/IP-035 ( Report admin Collection )/20190904_054454/1567550740444.png"/>
            <property name="hostName" value="refqi - 192.168.1.101"/>
            <property name="os" value="Mac OS X 64bit"/>
            <property name="katalonVersion" value="6.3.3.11"/>
            <property name="browser" value="Chrome 76.0.3809.100"/>
            <property name="hostAddress" value="192.168.1.101"/>
            <property name="sessionId" value="1e18130df50e7f6aec8949450163c6db"/>
            <property name="seleniumVersion" value="3.141.59"/>
            <property name="proxyInformation" value="ProxyInformation{proxyOption=NO_PROXY, proxyServerType=HTTP, password=, proxyServerAddress=, proxyServerPort=0}"/>
            <property name="platform" value="Mac OS X"/>
        </properties>
        <testcase name="Test Cases/IP-035 ( Report admin collection )" classname="Test Cases/IP-035 ( Report admin collection )" status="PASSED">
            <system-out>2019-09-04 05:44:57 - [TEST_CASE][PASSED] - Test Cases/IP-035 ( Report admin collection ): Test Cases/IP-035 ( Report admin collection )

2019-09-04 05:44:57 - [TEST_STEP][PASSED] - callTestCase(findTestCase("IP-001 (Login hit berkali kali)"), ["Email":"aaa@gmail.com", "Password":"123445656"], STOP_ON_FAILURE): Call Test Case 'Test Cases/IP-001 (Login hit berkali kali)' successfully

2019-09-04 05:44:57 - [TEST_CASE][PASSED] - Test Cases/IP-001 (Login hit berkali kali): Test Cases/IP-001 (Login hit berkali kali)

2019-09-04 05:44:58 - [TEST_STEP][PASSED] - openBrowser("http://kamisa.web.iprop-dev.com/login"): Browser is opened with url: 'http://kamisa.web.iprop-dev.com/login'

2019-09-04 05:44:58 - [MESSAGE][INFO] - Starting 'Chrome' driver

2019-09-04 05:44:58 - [MESSAGE][INFO] - Action delay is set to 0 seconds

2019-09-04 05:45:05 - [MESSAGE][PASSED] - Browser is opened with url: 'http://kamisa.web.iprop-dev.com/login'

2019-09-04 05:45:05 - [TEST_STEP][PASSED] - delay(3): Delayed 3 second(s)

2019-09-04 05:45:08 - [MESSAGE][PASSED] - Delayed 3 second(s)

2019-09-04 05:45:08 - [TEST_STEP][PASSED] - setText(findTestObject("Page_iPropio - Login/input_Email_email"), "didinonpqcms@gmail.com"): Text 'didinonpqcms@gmail.com' is set on object 'Object Repository/Page_iPropio - Login/input_Email_email'

2019-09-04 05:45:09 - [MESSAGE][PASSED] - Text 'didinonpqcms@gmail.com' is set on object 'Object Repository/Page_iPropio - Login/input_Email_email'

2019-09-04 05:45:09 - [TEST_STEP][PASSED] - delay(5): Delayed 5 second(s)

2019-09-04 05:45:14 - [MESSAGE][PASSED] - Delayed 5 second(s)

2019-09-04 05:45:14 - [TEST_STEP][PASSED] - takeScreenshot("/Users/refqi/Documents/webippro/4.png"): Taking screenshot successfully

2019-09-04 05:45:14 - [MESSAGE][PASSED] - Taking screenshot successfully
[[ATTACHMENT|/Users/refqi/Documents/webippro/4.png]]

2019-09-04 05:45:14 - [TEST_STEP][PASSED] - setText(findTestObject("Page_iPropio - Login/input_Password_password"), "testing12345"): Text 'testing12345' is set on object 'Object Repository/Page_iPropio - Login/input_Password_password'

2019-09-04 05:45:15 - [MESSAGE][PASSED] - Text 'testing12345' is set on object 'Object Repository/Page_iPropio - Login/input_Password_password'

2019-09-04 05:45:15 - [TEST_STEP][PASSED] - delay(3): Delayed 3 second(s)

2019-09-04 05:45:18 - [MESSAGE][PASSED] - Delayed 3 second(s)

2019-09-04 05:45:18 - [TEST_STEP][PASSED] - takeScreenshot("/Users/refqi/Documents/webippro/5.png"): Taking screenshot successfully

2019-09-04 05:45:18 - [MESSAGE][PASSED] - Taking screenshot successfully
[[ATTACHMENT|/Users/refqi/Documents/webippro/5.png]]

2019-09-04 05:45:18 - [TEST_STEP][PASSED] - click(findTestObject("Page_iPropio - Login/button_Login Now")): Object: 'Object Repository/Page_iPropio - Login/button_Login Now' is clicked on

2019-09-04 05:45:18 - [MESSAGE][PASSED] - Object: 'Object Repository/Page_iPropio - Login/button_Login Now' is clicked on

2019-09-04 05:45:18 - [MESSAGE][PASSED] - Call Test Case 'Test Cases/IP-001 (Login hit berkali kali)' successfully

2019-09-04 05:45:18 - [TEST_STEP][PASSED] - click(findTestObject("Object Repository/admin collection/div_Reports")): Object: 'Object Repository/admin collection/div_Reports' is clicked on

2019-09-04 05:45:26 - [MESSAGE][PASSED] - Object: 'Object Repository/admin collection/div_Reports' is clicked on

2019-09-04 05:45:26 - [TEST_STEP][PASSED] - click(findTestObject("admin collection/a_Admin Collections")): Object: 'Object Repository/admin collection/a_Admin Collections' is clicked on

2019-09-04 05:45:27 - [MESSAGE][PASSED] - Object: 'Object Repository/admin collection/a_Admin Collections' is clicked on

2019-09-04 05:45:27 - [TEST_STEP][PASSED] - click(findTestObject("admin collection/input_Admin Name_vs__search")): Object: 'Object Repository/admin collection/input_Admin Name_vs__search' is clicked on

2019-09-04 05:45:27 - [MESSAGE][PASSED] - Object: 'Object Repository/admin collection/input_Admin Name_vs__search' is clicked on

2019-09-04 05:45:27 - [TEST_STEP][PASSED] - click(findTestObject("Object Repository/admin collection/li_Keith")): Object: 'Object Repository/admin collection/li_Keith' is clicked on

2019-09-04 05:45:28 - [MESSAGE][PASSED] - Object: 'Object Repository/admin collection/li_Keith' is clicked on

2019-09-04 05:45:28 - [TEST_STEP][PASSED] - delay(3): Delayed 3 second(s)

2019-09-04 05:45:31 - [MESSAGE][PASSED] - Delayed 3 second(s)

2019-09-04 05:45:31 - [TEST_STEP][PASSED] - takeScreenshot(): Taking screenshot successfully

2019-09-04 05:45:32 - [MESSAGE][PASSED] - Taking screenshot successfully
[[ATTACHMENT|/Users/refqi/Katalon Studio/ipropio otomasi/Reports/20190904_054454/IP-035 ( Report admin Collection )/20190904_054454/1567550731746.png]]

2019-09-04 05:45:32 - [TEST_STEP][PASSED] - click(findTestObject("admin collection/input_Admin Name_vs__search")): Object: 'Object Repository/admin collection/input_Admin Name_vs__search' is clicked on

2019-09-04 05:45:32 - [MESSAGE][PASSED] - Object: 'Object Repository/admin collection/input_Admin Name_vs__search' is clicked on

2019-09-04 05:45:32 - [TEST_STEP][PASSED] - click(findTestObject("Object Repository/admin collection/li_Emerson")): Object: 'Object Repository/admin collection/li_Emerson' is clicked on

2019-09-04 05:45:32 - [MESSAGE][PASSED] - Object: 'Object Repository/admin collection/li_Emerson' is clicked on

2019-09-04 05:45:32 - [TEST_STEP][PASSED] - click(findTestObject("admin collection/input_Admin Name_vs__search")): Object: 'Object Repository/admin collection/input_Admin Name_vs__search' is clicked on

2019-09-04 05:45:32 - [MESSAGE][PASSED] - Object: 'Object Repository/admin collection/input_Admin Name_vs__search' is clicked on

2019-09-04 05:45:32 - [TEST_STEP][PASSED] - click(findTestObject("Object Repository/admin collection/li_Saudara")): Object: 'Object Repository/admin collection/li_Saudara' is clicked on

2019-09-04 05:45:32 - [MESSAGE][PASSED] - Object: 'Object Repository/admin collection/li_Saudara' is clicked on

2019-09-04 05:45:32 - [TEST_STEP][PASSED] - click(findTestObject("admin collection/input_Admin Name_vs__search")): Object: 'Object Repository/admin collection/input_Admin Name_vs__search' is clicked on

2019-09-04 05:45:32 - [MESSAGE][PASSED] - Object: 'Object Repository/admin collection/input_Admin Name_vs__search' is clicked on

2019-09-04 05:45:32 - [TEST_STEP][PASSED] - click(findTestObject("Object Repository/admin collection/li_iprop")): Object: 'Object Repository/admin collection/li_iprop' is clicked on

2019-09-04 05:45:33 - [MESSAGE][PASSED] - Object: 'Object Repository/admin collection/li_iprop' is clicked on

2019-09-04 05:45:33 - [TEST_STEP][PASSED] - click(findTestObject("admin collection/input_Admin Name_vs__search")): Object: 'Object Repository/admin collection/input_Admin Name_vs__search' is clicked on

2019-09-04 05:45:33 - [MESSAGE][PASSED] - Object: 'Object Repository/admin collection/input_Admin Name_vs__search' is clicked on

2019-09-04 05:45:33 - [TEST_STEP][PASSED] - click(findTestObject("Object Repository/admin collection/li_jumat")): Object: 'Object Repository/admin collection/li_jumat' is clicked on

2019-09-04 05:45:33 - [MESSAGE][PASSED] - Object: 'Object Repository/admin collection/li_jumat' is clicked on

2019-09-04 05:45:33 - [TEST_STEP][PASSED] - delay(3): Delayed 3 second(s)

2019-09-04 05:45:36 - [MESSAGE][PASSED] - Delayed 3 second(s)

2019-09-04 05:45:36 - [TEST_STEP][PASSED] - takeScreenshot(): Taking screenshot successfully

2019-09-04 05:45:36 - [MESSAGE][PASSED] - Taking screenshot successfully
[[ATTACHMENT|/Users/refqi/Katalon Studio/ipropio otomasi/Reports/20190904_054454/IP-035 ( Report admin Collection )/20190904_054454/1567550736582.png]]

2019-09-04 05:45:36 - [TEST_STEP][PASSED] - click(findTestObject("admin collection/input_Date Range_date")): Object: 'Object Repository/admin collection/input_Date Range_date' is clicked on

2019-09-04 05:45:36 - [MESSAGE][PASSED] - Object: 'Object Repository/admin collection/input_Date Range_date' is clicked on

2019-09-04 05:45:36 - [TEST_STEP][PASSED] - click(findTestObject("Object Repository/admin collection/button_previous 30 days")): Object: 'Object Repository/admin collection/button_previous 30 days' is clicked on

2019-09-04 05:45:37 - [MESSAGE][PASSED] - Object: 'Object Repository/admin collection/button_previous 30 days' is clicked on

2019-09-04 05:45:37 - [TEST_STEP][PASSED] - click(findTestObject("admin collection/input_All_vs__search")): Object: 'Object Repository/admin collection/input_All_vs__search' is clicked on

2019-09-04 05:45:37 - [MESSAGE][PASSED] - Object: 'Object Repository/admin collection/input_All_vs__search' is clicked on

2019-09-04 05:45:37 - [TEST_STEP][PASSED] - click(findTestObject("Object Repository/admin collection/li_In-Hand")): Object: 'Object Repository/admin collection/li_In-Hand' is clicked on

2019-09-04 05:45:37 - [MESSAGE][PASSED] - Object: 'Object Repository/admin collection/li_In-Hand' is clicked on

2019-09-04 05:45:37 - [TEST_STEP][PASSED] - delay(3): Delayed 3 second(s)

2019-09-04 05:45:40 - [MESSAGE][PASSED] - Delayed 3 second(s)

2019-09-04 05:45:40 - [TEST_STEP][PASSED] - takeScreenshot(): Taking screenshot successfully

2019-09-04 05:45:40 - [MESSAGE][PASSED] - Taking screenshot successfully
[[ATTACHMENT|/Users/refqi/Katalon Studio/ipropio otomasi/Reports/20190904_054454/IP-035 ( Report admin Collection )/20190904_054454/1567550740444.png]]

2019-09-04 05:45:40 - [TEST_STEP][PASSED] - closeBrowser(): Browser is closed

2019-09-04 05:45:40 - [MESSAGE][PASSED] - Browser is closed</system-out>
            <system-err></system-err>
        </testcase>
        <system-out>2019-09-04 05:44:56 - [TEST_SUITE][INCOMPLETE] - IP-035 ( Report admin Collection ): null</system-out>
        <system-err>2019-09-04 05:44:56 - [TEST_SUITE][INCOMPLETE] - IP-035 ( Report admin Collection ): null</system-err>
    </testsuite>
</testsuites>
